app/build/outputs/mapping/debug/seeds.txt
com.nimeshpatel.readerapp.MainActivity
com.nimeshpatel.readerapp.interfaces.BooksApi
com.nimeshpatel.readerapp.app.ReaderApplication_GeneratedInjector
com.nimeshpatel.readerapp.MainActivity_GeneratedInjector
com.nimeshpatel.readerapp.app.ReaderApplication
com.nimeshpatel.readerapp.model.IndustryIdentifier: android.os.Parcelable$Creator CREATOR
com.nimeshpatel.readerapp.model.Item: android.os.Parcelable$Creator CREATOR
com.nimeshpatel.readerapp.model.ListPriceX: android.os.Parcelable$Creator CREATOR
com.nimeshpatel.readerapp.model.ListPrice: android.os.Parcelable$Creator CREATOR
com.nimeshpatel.readerapp.model.SearchInfo: android.os.Parcelable$Creator CREATOR
com.nimeshpatel.readerapp.model.Epub: android.os.Parcelable$Creator CREATOR
com.nimeshpatel.readerapp.model.RetailPriceX: android.os.Parcelable$Creator CREATOR
com.nimeshpatel.readerapp.model.AccessInfo: android.os.Parcelable$Creator CREATOR
com.nimeshpatel.readerapp.model.Offer: android.os.Parcelable$Creator CREATOR
com.nimeshpatel.readerapp.model.Pdf: android.os.Parcelable$Creator CREATOR
com.nimeshpatel.readerapp.model.VolumeInfo: android.os.Parcelable$Creator CREATOR
com.nimeshpatel.readerapp.model.PanelizationSummary: android.os.Parcelable$Creator CREATOR
com.nimeshpatel.readerapp.model.RetailPrice: android.os.Parcelable$Creator CREATOR
com.nimeshpatel.readerapp.model.BooksInfo: android.os.Parcelable$Creator CREATOR
com.nimeshpatel.readerapp.model.ImageLinks: android.os.Parcelable$Creator CREATOR
com.nimeshpatel.readerapp.model.ReadingModes: android.os.Parcelable$Creator CREATOR
com.nimeshpatel.readerapp.model.SaleInfo: android.os.Parcelable$Creator CREATOR
com.nimeshpatel.readerapp.navigation.ReaderScreens: com.nimeshpatel.readerapp.navigation.ReaderScreens valueOf(java.lang.String)
com.nimeshpatel.readerapp.interfaces.BooksApi: java.lang.Object getAllBooks(java.lang.String,kotlin.coroutines.Continuation)
com.nimeshpatel.readerapp.app.ReaderApplication: ReaderApplication()
com.nimeshpatel.readerapp.MainActivity: MainActivity()
com.nimeshpatel.readerapp.interfaces.BooksApi: java.lang.Object getBookInfo(java.lang.String,kotlin.coroutines.Continuation)
com.nimeshpatel.readerapp.navigation.ReaderScreens: com.nimeshpatel.readerapp.navigation.ReaderScreens[] values()
...
com.google.android.gms.internal.firebase-auth-api.zzaeq
com.google.android.gms.internal.firebase-auth-api.zzrg
com.google.android.gms.internal.firebase-auth-api.zzaao
dagger.hilt.internal.processedrootsentinel.ProcessedRootSentinel
com.google.android.gms.internal.firebase-auth-api.zzqf
okhttp3.Credentials
com.google.android.gms.common.internal.zac
com.google.android.recaptcha.internal.zzqu
com.google.firebase.auth.internal.zzbl
com.google.android.gms.internal.firebase-auth-api.zzwy$zza
com.google.android.gms.fido.fido2.api.common.zzu
com.google.firebase.firestore.model.AutoValue_FieldIndex
com.google.android.recaptcha.internal.zzid
dagger.hilt.InstallIn
com.google.android.play.core.integrity.client.R
dagger.hilt.android.migration.CustomInject
com.google.firebase.firestore.local.SQLiteTargetCache$DocumentKeysHolder
com.google.android.gms.auth.api.phone.SmsCodeBrowserClient
com.google.android.recaptcha.internal.zzoa
com.google.android.gms.internal.fido.zzdu
com.google.firebase.firestore.local.IndexBackfiller
androidx.core.graphics.drawable.IconCompat
com.google.firebase.auth.zzp
com.google.android.recaptcha.internal.zzlx
com.google.android.gms.internal.firebase-auth-api.zzuu
com.google.firebase.firestore.MemoryEagerGcSettings$Builder
com.google.android.gms.internal.auth.zzas
com.google.gson.internal.bind.NumberTypeAdapter
com.google.android.gms.internal.firebase-auth-api.zziy
com.google.android.recaptcha.internal.zzow
com.google.android.recaptcha.internal.zzio
com.google.android.gms.internal.auth-api.zbj
com.google.android.gms.internal.firebase-auth-api.zzajg$zzb
okhttp3.internal.http.RetryAndFollowUpInterceptor
com.google.firebase.firestore.remote.FirestoreChannel$2
com.google.android.gms.common.server.converter.zab
com.google.android.gms.internal.firebase-auth-api.zzoo
com.google.firebase.auth.internal.zzbb
com.google.firebase.auth.internal.zzbt
com.google.android.gms.common.internal.zab
com.google.android.gms.fido.fido2.api.common.zzam
com.google.gson.FieldNamingPolicy$6
com.google.firebase.auth.MultiFactorAssertion
com.google.firebase.annotations.concurrent.Lightweight
com.google.android.gms.internal.firebase-auth-api.zzuy
com.google.android.gms.internal.firebase-auth-api.zzqh
com.google.android.recaptcha.internal.zznl
com.google.android.gms.common.util.Hex
dagger.hilt.android.internal.lifecycle.HiltViewModelAssistedMap
com.google.firebase.firestore.MemoryCacheSettings$1
com.google.firebase.auth.zzi
com.google.android.gms.internal.firebase-auth-api.zzyz
com.google.android.recaptcha.internal.zzog
com.google.android.gms.internal.fido.zzq
com.google.firebase.firestore.remote.Datastore$2
com.google.android.gms.internal.auth-api-phone.zzp
com.google.android.gms.common.internal.zzad
com.google.firebase.auth.ActionCodeResult$ActionDataKey
okhttp3.internal.graal.TargetPlatform
com.google.android.gms.internal.firebase-auth-api.zzane
com.google.android.gms.internal.auth-api-phone.zzab
com.google.android.gms.internal.auth.zzcr
com.google.android.recaptcha.internal.zzpg
com.google.android.gms.internal.firebase-auth-api.zzio
com.google.firebase.components.RestrictedComponentContainer$RestrictedPublisher
com.google.firebase.auth.TotpMultiFactorInfo
com.google.firebase.database.collection.R$attr
com.google.firebase.auth.zzai
com.google.android.gms.internal.firebase-auth-api.zzoz
com.google.android.gms.auth.api.accounttransfer.zzy
com.google.android.gms.common.internal.zzag
com.google.android.gms.internal.auth.zzcw
com.google.android.gms.internal.auth.zzz
com.google.android.gms.fido.fido2.zzt
dagger.hilt.android.scopes.FragmentScoped
androidx.compose.ui.input.pointer.SuspendPointerInputElement
com.google.android.gms.common.api.internal.zaq
com.google.android.gms.internal.firebase-auth-api.zzdh$zza
com.google.android.gms.internal.firebase-auth-api.zzwa
com.google.android.gms.internal.auth-api.zby
com.google.android.gms.auth.api.R$anim
com.google.android.gms.internal.fido.zzdh
dagger.hilt.android.internal.lifecycle.HiltViewModelFactory$2