app/build/outputs/mapping/debug/usage.txt
com.nimeshpatel.readerapp.Hilt_MainActivity:
    void <init>(int)
com.nimeshpatel.readerapp.MainActivity:
    public static final int $stable
com.nimeshpatel.readerapp.R$color
com.nimeshpatel.readerapp.R$drawable:
    public static int ic_launcher_background
    public static int ic_launcher_foreground
    private void <init>()
com.nimeshpatel.readerapp.R$mipmap
com.nimeshpatel.readerapp.R$string:
    public static int app_name
    public static int gcm_defaultSenderId
    public static int google_api_key
    public static int google_app_id
    public static int google_crash_reporting_api_key
    public static int google_storage_bucket
    public static int project_id
    private void <init>()
com.nimeshpatel.readerapp.R$style
com.nimeshpatel.readerapp.R$xml
com.nimeshpatel.readerapp.R
com.nimeshpatel.readerapp.app.DaggerReaderApplication_HiltComponents_SingletonC$ActivityCImpl$LazyClassKeyProvider:
    com.nimeshpatel.readerapp.screens.details.BookDetailViewModel com_nimeshpatel_readerapp_screens_details_BookDetailViewModel2
    com.nimeshpatel.readerapp.screens.home.HomeViewModel com_nimeshpatel_readerapp_screens_home_HomeViewModel2
    com.nimeshpatel.readerapp.screens.login.LoginViewModel com_nimeshpatel_readerapp_screens_login_LoginViewModel2
    com.nimeshpatel.readerapp.screens.search.SearchViewModel com_nimeshpatel_readerapp_screens_search_SearchViewModel2
    private void <init>()
com.nimeshpatel.readerapp.app.DaggerReaderApplication_HiltComponents_SingletonC$ViewModelCImpl$LazyClassKeyProvider:
    com.nimeshpatel.readerapp.screens.details.BookDetailViewModel com_nimeshpatel_readerapp_screens_details_BookDetailViewModel2
    com.nimeshpatel.readerapp.screens.home.HomeViewModel com_nimeshpatel_readerapp_screens_home_HomeViewModel2
    com.nimeshpatel.readerapp.screens.login.LoginViewModel com_nimeshpatel_readerapp_screens_login_LoginViewModel2
    com.nimeshpatel.readerapp.screens.search.SearchViewModel com_nimeshpatel_readerapp_screens_search_SearchViewModel2
    private void <init>()
com.nimeshpatel.readerapp.app.DaggerReaderApplication_HiltComponents_SingletonC:
    private void <init>()
    public static com.nimeshpatel.readerapp.app.ReaderApplication_HiltComponents$SingletonC create()
com.nimeshpatel.readerapp.app.ReaderApplication:
    public static final int $stable
com.nimeshpatel.readerapp.app.ReaderApplication_ComponentTreeDeps
com.nimeshpatel.readerapp.app.ReaderApplication_HiltComponents$ActivityC$Builder
com.nimeshpatel.readerapp.app.ReaderApplication_HiltComponents$ActivityCBuilderModule
com.nimeshpatel.readerapp.app.ReaderApplication_HiltComponents$ActivityRetainedC$Builder
com.nimeshpatel.readerapp.app.ReaderApplication_HiltComponents$ActivityRetainedCBuilderModule
com.nimeshpatel.readerapp.app.ReaderApplication_HiltComponents$FragmentC$Builder
com.nimeshpatel.readerapp.app.ReaderApplication_HiltComponents$FragmentCBuilderModule
com.nimeshpatel.readerapp.app.ReaderApplication_HiltComponents$ServiceC$Builder
com.nimeshpatel.readerapp.app.ReaderApplication_HiltComponents$ServiceCBuilderModule
com.nimeshpatel.readerapp.app.ReaderApplication_HiltComponents$ViewC$Builder
com.nimeshpatel.readerapp.app.ReaderApplication_HiltComponents$ViewCBuilderModule
com.nimeshpatel.readerapp.app.ReaderApplication_HiltComponents$ViewModelC$Builder
com.nimeshpatel.readerapp.app.ReaderApplication_HiltComponents$ViewModelCBuilderModule
com.nimeshpatel.readerapp.app.ReaderApplication_HiltComponents$ViewWithFragmentC$Builder
com.nimeshpatel.readerapp.app.ReaderApplication_HiltComponents$ViewWithFragmentCBuilderModule
com.nimeshpatel.readerapp.app.ReaderApplication_HiltComponents
...
androidx.compose.material.icons.sharp.AutorenewKt
androidx.compose.material.icons.sharp.AvTimerKt
androidx.compose.material.icons.sharp.BabyChangingStationKt
androidx.compose.material.icons.sharp.BackHandKt
androidx.compose.material.icons.sharp.BackpackKt
androidx.compose.material.icons.sharp.BackspaceKt
androidx.compose.material.icons.sharp.BackupKt
androidx.compose.material.icons.sharp.BackupTableKt
androidx.compose.material.icons.sharp.BadgeKt
androidx.compose.material.icons.sharp.BakeryDiningKt
androidx.compose.material.icons.sharp.BalanceKt
androidx.compose.material.icons.sharp.BalconyKt
androidx.compose.material.icons.sharp.BallotKt
androidx.compose.material.icons.sharp.BarChartKt
androidx.compose.material.icons.sharp.BatchPredictionKt
androidx.compose.material.icons.sharp.BathroomKt
androidx.compose.material.icons.sharp.BathtubKt
androidx.compose.material.icons.sharp.Battery0BarKt
androidx.compose.material.icons.sharp.Battery1BarKt
androidx.compose.material.icons.sharp.Battery2BarKt
androidx.compose.material.icons.sharp.Battery3BarKt
androidx.compose.material.icons.sharp.Battery4BarKt
androidx.compose.material.icons.sharp.Battery5BarKt
androidx.compose.material.icons.sharp.Battery6BarKt
androidx.compose.material.icons.sharp.BatteryAlertKt
androidx.compose.material.icons.sharp.BatteryChargingFullKt
androidx.compose.material.icons.sharp.BatteryFullKt
androidx.compose.material.icons.sharp.BatterySaverKt
androidx.compose.material.icons.sharp.BatteryStdKt
androidx.compose.material.icons.sharp.BatteryUnknownKt
androidx.compose.material.icons.sharp.BeachAccessKt
androidx.compose.material.icons.sharp.BedKt
androidx.compose.material.icons.sharp.BedroomBabyKt
androidx.compose.material.icons.sharp.BedroomChildKt
androidx.compose.material.icons.sharp.BedroomParentKt
androidx.compose.material.icons.sharp.BedtimeKt
androidx.compose.material.icons.sharp.BedtimeOffKt
androidx.compose.material.icons.sharp.BeenhereKt
androidx.compose.material.icons.sharp.BentoKt
androidx.compose.material.icons.sharp.BikeScooterKt
androidx.compose.material.icons.sharp.BiotechKt
androidx.compose.material.icons.sharp.BlenderKt
androidx.compose.material.icons.sharp.BlindKt
androidx.compose.material.icons.sharp.BlindsClosedKt
androidx.compose.material.icons.sharp.BlindsKt
androidx.compose.material.icons.sharp.BlockKt
androidx.compose.material.icons.sharp.BloodtypeKt
androidx.compose.material.icons.sharp.BluetoothAudioKt
androidx.compose.material.icons.sharp.BluetoothConnectedKt
androidx.compose.material.icons.sharp.BluetoothDisabledKt
androidx.compose.material.icons.sharp.BluetoothDriveKt
androidx.compose.material.icons.sharp.BluetoothKt
androidx.compose.material.icons.sharp.BluetoothSearchingKt
androidx.compose.material.icons.sharp.BlurCircularKt
androidx.compose.material.icons.sharp.BlurLinearKt
androidx.compose.material.icons.sharp.BlurOffKt
androidx.compose.material.icons.sharp.BlurOnKt
androidx.compose.material.icons.sharp.BoltKt
androidx.compose.material.icons.sharp.BookKt
androidx.compose.material.icons.sharp.BookOnlineKt
androidx.compose.material.icons.sharp.BookmarkAddKt
androidx.compose.material.icons.sharp.BookmarkAddedKt
androidx.compose.material.icons.sharp.BookmarkBorderKt
androidx.compose.material.icons.sharp.BookmarkKt
androidx.compose.material.icons.sharp.BookmarkRemoveKt
androidx.compose.material.icons.sharp.BookmarksKt
androidx.compose.material.icons.sharp.BorderAllKt
androidx.compose.material.icons.sharp.BorderBottomKt
androidx.compose.material.icons.sharp.BorderClearKt
androidx.compose.material.icons.sharp.BorderColorKt
androidx.compose.material.icons.sharp.BorderHorizontalKt
androidx.compose.material.icons.sharp.BorderInnerKt
androidx.compose.material.icons.sharp.BorderLeftKt
androidx.compose.material.icons.sharp.BorderOuterKt
androidx.compose.material.icons.sharp.BorderRightKt
androidx.compose.material.icons.sharp.BorderStyleKt
androidx.compose.material.icons.sharp.BorderTopKt
androidx.compose.material.icons.sharp.BorderVerticalKt